<?xml version="1.0" encoding="UTF-8"?>
<testsuite xmlns:xsi="http://www.w3.org/2001/XMLSchema-instance" xsi:noNamespaceSchemaLocation="https://maven.apache.org/surefire/maven-surefire-plugin/xsd/surefire-test-report.xsd" name="com.udacity.jdnd.course3.critter.CritterFunctionalTest" time="27.131" tests="9" errors="0" skipped="0" failures="0">
  <properties>
[...]
</properties>
  <testcase name="testFindOwnerByPet" classname="com.udacity.jdnd.course3.critter.CritterFunctionalTest" time="1.452"/>
  <testcase name="testFindEmployeesByServiceAndTime" classname="com.udacity.jdnd.course3.critter.CritterFunctionalTest" time="1.725"/>
  <testcase name="testAddPetsToCustomer" classname="com.udacity.jdnd.course3.critter.CritterFunctionalTest" time="0.958"/>
  <testcase name="testCreateCustomer" classname="com.udacity.jdnd.course3.critter.CritterFunctionalTest" time="0.348"/>
  <testcase name="testSchedulePetsForServiceWithEmployee" classname="com.udacity.jdnd.course3.critter.CritterFunctionalTest" time="1.539"/>
  <testcase name="testFindPetsByOwner" classname="com.udacity.jdnd.course3.critter.CritterFunctionalTest" time="1.237"/>
  <testcase name="testCreateEmployee" classname="com.udacity.jdnd.course3.critter.CritterFunctionalTest" time="0.333"/>
  <testcase name="testChangeEmployeeAvailability" classname="com.udacity.jdnd.course3.critter.CritterFunctionalTest" time="0.798"/>
  <testcase name="testFindScheduleByEntities" classname="com.udacity.jdnd.course3.critter.CritterFunctionalTest" time="8.02"/>
</testsuite>